Launcher-WF/shared/build/intermediates/manifest_merge_blame_file/debug/manifest-merger-blame-debug-report.txt
1<?xml version="1.0" encoding="utf-8"?>
2<manifest xmlns:android="http://schemas.android.com/apk/res/android"
3    package="com.example.myapplication.shared"
4    android:versionCode="1"
5    android:versionName="1.0" >
6
7    <uses-sdk
8        android:minSdkVersion="28"
8-->src/main/AndroidManifest.xml
9        android:targetSdkVersion="29" />
9-->src/main/AndroidManifest.xml
10
11    <application>
11-->src/main/AndroidManifest.xml:4:5-22:19
12        <meta-data
12-->src/main/AndroidManifest.xml:6:9-8:59
13            android:name="com.google.android.gms.car.application"
13-->src/main/AndroidManifest.xml:7:13-66
14            android:resource="@xml/automotive_app_desc" />
14-->src/main/AndroidManifest.xml:8:13-56
15
16        <!--
17         Main music service, provides media browsing and media playback services to
18         consumers through MediaBrowserService and MediaSession. Consumers connect to it through
19         MediaBrowser (for browsing) and MediaController (for playback control)
20        -->
21        <service
21-->src/main/AndroidManifest.xml:14:9-20:19
22            android:name="com.example.myapplication.shared.MyMusicService"
22-->src/main/AndroidManifest.xml:15:13-75
23            android:exported="true" >
23-->src/main/AndroidManifest.xml:16:13-36
24            <intent-filter>
24-->src/main/AndroidManifest.xml:17:13-19:29
25                <action android:name="android.media.browse.MediaBrowserService" />
25-->src/main/AndroidManifest.xml:18:17-83
25-->src/main/AndroidManifest.xml:18:25-80
26            </intent-filter>
27        </service>
28    </application>
29
30</manifest>